<?xml version="1.0" encoding="UTF-8"?>
<robot generator="Robot 3.1.2 (Python 3.7.4 on win32)" generated="20221116 19:24:58.826" rpa="false">
<suite id="s1" name="TC2" source="C:\Users\visha\PycharmProjects\TestProject\TestCases\TC2.robot">
<test id="s1-t1" name="DashboardTest">
<kw name="Open Browser" library="SeleniumLibrary">
<doc>Opens a new browser instance to the given ``url``.</doc>
<arguments>
<arg>${url}</arg>
<arg>${browser}</arg>
</arguments>
<msg timestamp="20221116 19:24:58.979" level="INFO">Opening browser 'chrome' to base url 'https://pdexternal.cheetahnetworks-pulseview.com/'.</msg>
<status status="PASS" starttime="20221116 19:24:58.979" endtime="20221116 19:25:00.623"></status>
</kw>
<kw name="Maximize Browser Window" library="SeleniumLibrary">
<doc>Maximizes current browser window.</doc>
<status status="PASS" starttime="20221116 19:25:00.623" endtime="20221116 19:25:00.739"></status>
</kw>
<kw name="loginWithValidUserNameAndPassword">
<kw name="Input Text" library="SeleniumLibrary">
<doc>Types the given ``text`` into text field identified by ``locator``.</doc>
<arguments>
<arg>id:id_username</arg>
<arg>Cambrian</arg>
</arguments>
<msg timestamp="20221116 19:25:00.740" level="INFO">Typing text 'Cambrian' into text field 'id:id_username'.</msg>
<status status="PASS" starttime="20221116 19:25:00.740" endtime="20221116 19:25:00.803"></status>
</kw>
<kw name="Input Text" library="SeleniumLibrary">
<doc>Types the given ``text`` into text field identified by ``locator``.</doc>
<arguments>
<arg>id:id_password</arg>
<arg>MNGTwdf386</arg>
</arguments>
<msg timestamp="20221116 19:25:00.803" level="INFO">Typing text 'MNGTwdf386' into text field 'id:id_password'.</msg>
<status status="PASS" starttime="20221116 19:25:00.803" endtime="20221116 19:25:00.871"></status>
</kw>
<kw name="Click Element" library="SeleniumLibrary">
<doc>Click element identified by ``locator``.</doc>
<arguments>
<arg>xpath://*[@id="loginForm"]/input[4]</arg>
</arguments>
<msg timestamp="20221116 19:25:00.871" level="INFO">Clicking element 'xpath://*[@id="loginForm"]/input[4]'.</msg>
<status status="PASS" starttime="20221116 19:25:00.871" endtime="20221116 19:25:02.175"></status>
</kw>
<status status="PASS" starttime="20221116 19:25:00.740" endtime="20221116 19:25:02.176"></status>
</kw>
<kw name="Click Link" library="SeleniumLibrary">
<doc>Clicks a link identified by ``locator``.</doc>
<arguments>
<arg>xpath://*[@id="root"]/div/div[1]/div/a[8]</arg>
</arguments>
<msg timestamp="20221116 19:25:02.177" level="INFO">Clicking link 'xpath://*[@id="root"]/div/div[1]/div/a[8]'.</msg>
<status status="PASS" starttime="20221116 19:25:02.176" endtime="20221116 19:25:02.293"></status>
</kw>
<kw name="Close Browser" library="SeleniumLibrary">
<doc>Closes the current browser.</doc>
<status status="PASS" starttime="20221116 19:25:02.293" endtime="20221116 19:25:04.388"></status>
</kw>
<status status="PASS" starttime="20221116 19:24:58.978" endtime="20221116 19:25:04.388" critical="yes"></status>
</test>
<test id="s1-t2" name="ContactTest">
<kw name="Open Browser" library="SeleniumLibrary">
<doc>Opens a new browser instance to the given ``url``.</doc>
<arguments>
<arg>${url}</arg>
<arg>${browser}</arg>
</arguments>
<msg timestamp="20221116 19:25:04.388" level="INFO">Opening browser 'chrome' to base url 'https://pdexternal.cheetahnetworks-pulseview.com/'.</msg>
<status status="PASS" starttime="20221116 19:25:04.388" endtime="20221116 19:25:06.055"></status>
</kw>
<kw name="Maximize Browser Window" library="SeleniumLibrary">
<doc>Maximizes current browser window.</doc>
<status status="PASS" starttime="20221116 19:25:06.055" endtime="20221116 19:25:06.176"></status>
</kw>
<kw name="loginWithValidUserNameAndPassword">
<kw name="Input Text" library="SeleniumLibrary">
<doc>Types the given ``text`` into text field identified by ``locator``.</doc>
<arguments>
<arg>id:id_username</arg>
<arg>Cambrian</arg>
</arguments>
<msg timestamp="20221116 19:25:06.177" level="INFO">Typing text 'Cambrian' into text field 'id:id_username'.</msg>
<status status="PASS" starttime="20221116 19:25:06.177" endtime="20221116 19:25:06.239"></status>
</kw>
<kw name="Input Text" library="SeleniumLibrary">
<doc>Types the given ``text`` into text field identified by ``locator``.</doc>
<arguments>
<arg>id:id_password</arg>
<arg>MNGTwdf386</arg>
</arguments>
<msg timestamp="20221116 19:25:06.239" level="INFO">Typing text 'MNGTwdf386' into text field 'id:id_password'.</msg>
<status status="PASS" starttime="20221116 19:25:06.239" endtime="20221116 19:25:06.304"></status>
</kw>
<kw name="Click Element" library="SeleniumLibrary">
<doc>Click element identified by ``locator``.</doc>
<arguments>
<arg>xpath://*[@id="loginForm"]/input[4]</arg>
</arguments>
<msg timestamp="20221116 19:25:06.305" level="INFO">Clicking element 'xpath://*[@id="loginForm"]/input[4]'.</msg>
<status status="PASS" starttime="20221116 19:25:06.305" endtime="20221116 19:25:07.558"></status>
</kw>
<status status="PASS" starttime="20221116 19:25:06.176" endtime="20221116 19:25:07.558"></status>
</kw>
<kw name="Click Link" library="SeleniumLibrary">
<doc>Clicks a link identified by ``locator``.</doc>
<arguments>
<arg>xpath://*[@id="root"]/div/div[1]/div/a[8]</arg>
</arguments>
<msg timestamp="20221116 19:25:07.559" level="INFO">Clicking link 'xpath://*[@id="root"]/div/div[1]/div/a[8]'.</msg>
<status status="PASS" starttime="20221116 19:25:07.559" endtime="20221116 19:25:07.685"></status>
</kw>
<kw name="Input Text" library="SeleniumLibrary">
<doc>Types the given ``text`` into text field identified by ``locator``.</doc>
<arguments>
<arg>xpath://*[@id="root"]/div/main/div/form/div[1]/div/input</arg>
<arg>vamsi</arg>
</arguments>
<msg timestamp="20221116 19:25:07.686" level="INFO">Typing text 'vamsi' into text field 'xpath://*[@id="root"]/div/main/div/form/div[1]/div/input'.</msg>
<status status="PASS" starttime="20221116 19:25:07.685" endtime="20221116 19:25:07.765"></status>
</kw>
<kw name="Input Text" library="SeleniumLibrary">
<doc>Types the given ``text`` into text field identified by ``locator``.</doc>
<arguments>
<arg>//*[@id="root"]/div/main/div/form/div[2]/div/input</arg>
<arg>vamsi.allu@outlook.com</arg>
</arguments>
<msg timestamp="20221116 19:25:07.766" level="INFO">Typing text 'vamsi.allu@outlook.com' into text field '//*[@id="root"]/div/main/div/form/div[2]/div/input'.</msg>
<status status="PASS" starttime="20221116 19:25:07.766" endtime="20221116 19:25:07.887"></status>
</kw>
<kw name="Input Text" library="SeleniumLibrary">
<doc>Types the given ``text`` into text field identified by ``locator``.</doc>
<arguments>
<arg>xpath://*[@id="root"]/div/main/div/form/div[3]/div/textarea</arg>
<arg>this is the sample message to verify the test case</arg>
</arguments>
<msg timestamp="20221116 19:25:07.887" level="INFO">Typing text 'this is the sample message to verify the test case' into text field 'xpath://*[@id="root"]/div/main/div/form/div[3]/div/textarea'.</msg>
<status status="PASS" starttime="20221116 19:25:07.887" endtime="20221116 19:25:08.085"></status>
</kw>
<kw name="Sleep" library="BuiltIn">
<doc>Pauses the test executed for the given time.</doc>
<arguments>
<arg>5</arg>
</arguments>
<msg timestamp="20221116 19:25:13.095" level="INFO">Slept 5 seconds</msg>
<status status="PASS" starttime="20221116 19:25:08.085" endtime="20221116 19:25:13.095"></status>
</kw>
<kw name="Close Browser" library="SeleniumLibrary">
<doc>Closes the current browser.</doc>
<status status="PASS" starttime="20221116 19:25:13.095" endtime="20221116 19:25:15.221"></status>
</kw>
<status status="PASS" starttime="20221116 19:25:04.388" endtime="20221116 19:25:15.222" critical="yes"></status>
</test>
<status status="PASS" starttime="20221116 19:24:58.827" endtime="20221116 19:25:15.223"></status>
</suite>
<statistics>
<total>
<stat pass="2" fail="0">Critical Tests</stat>
<stat pass="2" fail="0">All Tests</stat>
</total>
<tag>
</tag>
<suite>
<stat pass="2" fail="0" id="s1" name="TC2">TC2</stat>
</suite>
</statistics>
<errors>
</errors>
</robot>
