<?xml version="1.0" encoding="UTF-8"?>
<robot generator="Robot 6.0.1 (Python 3.10.8 on darwin)" generated="20221117 12:24:15.240" rpa="false" schemaversion="3">
<suite id="s1" name="TC1" source="/Users/test/PycharmProjects/pythonProject/TestCases/TC1.robot">
<test id="s1-t1" name="LoginTest" line="7">
<kw name="Open Browser" library="SeleniumLibrary">
<arg>https://pdexternal.cheetahnetworks-pulseview.com/</arg>
<arg>chrome</arg>
<doc>Opens a new browser instance to the optional ``url``.</doc>
<msg timestamp="20221117 12:24:15.491" level="INFO">Opening browser 'chrome' to base url 'https://pdexternal.cheetahnetworks-pulseview.com/'.</msg>
<status status="PASS" starttime="20221117 12:24:15.490" endtime="20221117 12:24:24.036"/>
</kw>
<kw name="Maximize Browser Window" library="SeleniumLibrary">
<doc>Maximizes current browser window.</doc>
<status status="PASS" starttime="20221117 12:24:24.036" endtime="20221117 12:24:24.159"/>
</kw>
<kw name="Input Text" library="SeleniumLibrary">
<arg>id:id_username</arg>
<arg>Cambrian</arg>
<doc>Types the given ``text`` into the text field identified by ``locator``.</doc>
<msg timestamp="20221117 12:24:24.161" level="INFO">Typing text 'Cambrian' into text field 'id:id_username'.</msg>
<status status="PASS" starttime="20221117 12:24:24.160" endtime="20221117 12:24:24.286"/>
</kw>
<kw name="Input Text" library="SeleniumLibrary">
<arg>id:id_password</arg>
<arg>MNGTwdf386</arg>
<doc>Types the given ``text`` into the text field identified by ``locator``.</doc>
<msg timestamp="20221117 12:24:24.287" level="INFO">Typing text 'MNGTwdf386' into text field 'id:id_password'.</msg>
<status status="PASS" starttime="20221117 12:24:24.286" endtime="20221117 12:24:24.364"/>
</kw>
<kw name="Click Element" library="SeleniumLibrary">
<arg>xpath://*[@id="loginForm"]/input[4]</arg>
<doc>Click the element identified by ``locator``.</doc>
<msg timestamp="20221117 12:24:24.365" level="INFO">Clicking element 'xpath://*[@id="loginForm"]/input[4]'.</msg>
<status status="PASS" starttime="20221117 12:24:24.365" endtime="20221117 12:24:32.642"/>
</kw>
<kw name="Title Should Be" library="SeleniumLibrary">
<arg>Cheetah Networks</arg>
<doc>Verifies that the current page title equals ``title``.</doc>
<msg timestamp="20221117 12:24:32.647" level="INFO">Page title is 'Cheetah Networks'.</msg>
<status status="PASS" starttime="20221117 12:24:32.643" endtime="20221117 12:24:32.647"/>
</kw>
<kw name="Close Browser" library="SeleniumLibrary">
<doc>Closes the current browser.</doc>
<status status="PASS" starttime="20221117 12:24:32.647" endtime="20221117 12:24:32.786"/>
</kw>
<status status="PASS" starttime="20221117 12:24:15.490" endtime="20221117 12:24:32.787"/>
</test>
<status status="PASS" starttime="20221117 12:24:15.241" endtime="20221117 12:24:32.789"/>
</suite>
<statistics>
<total>
<stat pass="1" fail="0" skip="0">All Tests</stat>
</total>
<tag>
</tag>
<suite>
<stat pass="1" fail="0" skip="0" id="s1" name="TC1">TC1</stat>
</suite>
</statistics>
<errors>
</errors>
</robot>
